sample/build/intermediates/manifest_merge_blame_file/release/manifest-merger-blame-release-report.txt
1<?xml version="1.0" encoding="utf-8"?>
2<manifest xmlns:android="http://schemas.android.com/apk/res/android"
3    package="com.github.arnaudelub.sample"
4    android:versionCode="3"
5    android:versionName="3.0.0" >
6
7    <uses-sdk
8        android:minSdkVersion="14"
8-->src/main/AndroidManifest.xml
9        android:targetSdkVersion="28" />
9-->src/main/AndroidManifest.xml
10
11    <uses-permission android:name="android.permission.READ_EXTERNAL_STORAGE" />
11-->src/main/AndroidManifest.xml:4:5-80
11-->src/main/AndroidManifest.xml:4:22-77
12
13    <application
13-->src/main/AndroidManifest.xml:6:2-18:16
14        android:appComponentFactory="androidx.core.app.CoreComponentFactory"
14-->[androidx.core:core:1.0.0] AndroidManifest.xml:22:18-86
15        android:icon="@drawable/ic_launcher"
15-->src/main/AndroidManifest.xml:7:3-39
16        android:label="@string/app_name"
16-->src/main/AndroidManifest.xml:8:3-35
17        android:theme="@style/Theme.AppCompat.Light" >
17-->src/main/AndroidManifest.xml:9:3-47
18        <activity
18-->src/main/AndroidManifest.xml:10:3-17:14
19            android:name="com.github.arnaudelub.sample.PDFViewActivity_"
19-->src/main/AndroidManifest.xml:11:4-35
20            android:label="@string/app_name" >
20-->src/main/AndroidManifest.xml:12:4-36
21            <intent-filter>
21-->src/main/AndroidManifest.xml:13:4-16:20
22                <action android:name="android.intent.action.MAIN" />
22-->src/main/AndroidManifest.xml:14:5-57
22-->src/main/AndroidManifest.xml:14:13-54
23
24                <category android:name="android.intent.category.LAUNCHER" />
24-->src/main/AndroidManifest.xml:15:5-65
24-->src/main/AndroidManifest.xml:15:15-62
25            </intent-filter>
26        </activity>
27    </application>
28
29</manifest>